<?xml version="1.0" encoding="UTF-8"?>
<!-- Generated by org.testng.reporters.JUnitReportReporter -->
<testsuite hostname="DESKTOP-AQGG3RQ" failures="0" tests="1" name="com.lynx.test.LynxTest" time="3.869" errors="0" timestamp="2023-04-23T14:29:12 MYT" skipped="0">
  <testcase classname="com.lynx.test.LynxTest" name="test1" time="3.869"/>
  <system-out/>
</testsuite> <!-- com.lynx.test.LynxTest -->
