<?xml version="1.0" encoding="UTF-8"?>
<!-- Generated by org.testng.reporters.JUnitReportReporter -->
<testsuite skipped="0" hostname="user-PC" name="com.lynx.test.LynxTest" tests="1" failures="0" timestamp="2023-05-07T20:34:38 IST" time="75.129" errors="0">
  <testcase name="test1" time="75.129" classname="com.lynx.test.LynxTest"/>
  <system-out/>
</testsuite> <!-- com.lynx.test.LynxTest -->
