<?xml version="1.0" encoding="UTF-8"?>
<!-- Generated by org.testng.reporters.JUnitReportReporter -->
<<<<<<< HEAD
<testsuite hostname="DESKTOP-AQGG3RQ" failures="0" tests="1" name="com.lynx.test.LynxTest" time="5.668" errors="0" timestamp="2023-04-25T01:18:25 MYT" skipped="0">
  <testcase classname="com.lynx.test.LynxTest" name="test1" time="5.668"/>
=======
<testsuite skipped="0" hostname="user-PC" name="com.lynx.test.LynxTest" tests="1" failures="0" timestamp="2023-04-30T20:16:01 IST" time="69.162" errors="0">
  <testcase name="test1" time="69.162" classname="com.lynx.test.LynxTest"/>
>>>>>>> 9e473e381be1090d24ca7253ed3d4d85192c1e5b
  <system-out/>
</testsuite> <!-- com.lynx.test.LynxTest -->
