<?xml version="1.0" encoding="UTF-8"?>
<!-- Generated by org.testng.reporters.JUnitReportReporter -->
<testsuite skipped="0" hostname="user-PC" name="com.lynx.test.LynxTest" tests="1" failures="0" timestamp="2023-04-30T20:16:01 IST" time="69.162" errors="0">
  <testcase name="test1" time="69.162" classname="com.lynx.test.LynxTest"/>
  <system-out/>
</testsuite> <!-- com.lynx.test.LynxTest -->
